#
# There is insufficient memory for the Java Runtime Environment to continue.
# Native memory allocation (mmap) failed to map 264241152 bytes. Error detail: G1 virtual space
# Possible reasons:
#   The system is out of physical RAM or swap space
#   This process is running with CompressedOops enabled, and the Java Heap may be blocking the growth of the native heap
# Possible solutions:
#   Reduce memory load on the system
#   Increase physical memory or swap space
#   Check if swap backing store is full
#   Decrease Java heap size (-Xmx/-Xms)
#   Decrease number of Java threads
#   Decrease Java thread stack sizes (-Xss)
#   Set larger code cache with -XX:ReservedCodeCacheSize=
#   JVM is running with Zero Based Compressed Oops mode in which the Java heap is
#     placed in the first 32GB address space. The Java Heap base address is the
#     maximum limit for the native heap growth. Please use -XX:HeapBaseMinAddress
#     to set the Java Heap base and to place the Java Heap above 32GB virtual address.
# This output file may be truncated or incomplete.
#
#  Out of Memory Error (os_windows.cpp:3618), pid=13604, tid=14356
#
# JRE version:  (17.0.18+8) (build )
# Java VM: OpenJDK 64-Bit Server VM (17.0.18+8-LTS, mixed mode, sharing, tiered, compressed oops, compressed class ptrs, g1 gc, windows-amd64)
# No core dump will be written. Minidumps are not enabled by default on client versions of Windows
#

---------------  S U M M A R Y ------------

Command Line: -javaagent:C:\Program Files\JetBrains\IntelliJ IDEA 2025.3.2\lib\idea_rt.jar=50227 -Dfile.encoding=UTF-8 ru.otus.hw.Application

Host: Intel(R) Core(TM) i7-9700 CPU @ 3.00GHz, 8 cores, 15G,  Windows 10 , 64 bit Build 18362 (10.0.18362.329)
Time: Mon Apr 13 15:31:01 2026 Russia TZ 2 Standard Time elapsed time: 0.006089 seconds (0d 0h 0m 0s)

---------------  T H R E A D  ---------------

Current thread (0x0000000002b606a0):  JavaThread "Unknown thread" [_thread_in_vm, id=14356, stack(0x0000000002200000,0x0000000002300000)]

Stack: [0x0000000002200000,0x0000000002300000]
Native frames: (J=compiled Java code, j=interpreted, Vv=VM code, C=native code)
V  [jvm.dll+0x685d09]
V  [jvm.dll+0x83cdba]
V  [jvm.dll+0x83e87e]
V  [jvm.dll+0x83eee3]
V  [jvm.dll+0x24c7df]
V  [jvm.dll+0x682a29]
V  [jvm.dll+0x6774fa]
V  [jvm.dll+0x30c92b]
V  [jvm.dll+0x313e26]
V  [jvm.dll+0x364b7e]
V  [jvm.dll+0x364dbf]
V  [jvm.dll+0x2e38cc]
V  [jvm.dll+0x2e4824]
V  [jvm.dll+0x80f61b]
V  [jvm.dll+0x3728f1]
V  [jvm.dll+0x7ee0c5]
V  [jvm.dll+0x3f65ce]
V  [jvm.dll+0x3f8151]
C  [jli.dll+0x5347]
C  [ucrtbase.dll+0x20e72]
C  [KERNEL32.DLL+0x17bd4]
C  [ntdll.dll+0x6ced1]


---------------  P R O C E S S  ---------------

Threads class SMR info:
_java_thread_list=0x00007ffab17af018, length=0, elements={
}

Java Threads: ( => current thread )

Other Threads:
  0x0000000002bc9560 GCTaskThread "GC Thread#0" [stack: 0x0000000023020000,0x0000000023120000] [id=2316]
  0x0000000002bdada0 ConcurrentGCThread "G1 Main Marker" [stack: 0x0000000023120000,0x0000000023220000] [id=4580]
  0x0000000002bdcd80 ConcurrentGCThread "G1 Conc#0" [stack: 0x0000000023220000,0x0000000023320000] [id=15868]

[error occurred during error reporting (printing all threads), id 0xc0000005, EXCEPTION_ACCESS_VIOLATION (0xc0000005) at pc=0x00007ffab0f64017]

VM state: not at safepoint (not fully initialized)

VM Mutex/Monitor currently owned by a thread:  ([mutex/lock_event])
[0x0000000002b5aa80] Heap_lock - owner thread: 0x0000000002b606a0

Heap address: 0x0000000705400000, size: 4012 MB, Compressed Oops mode: Zero based, Oop shift amount: 3

CDS archive(s) mapped at: [0x0000000000000000-0x0000000000000000-0x0000000000000000), size 0, SharedBaseAddress: 0x0000000800000000, ArchiveRelocationMode: 1.
Narrow klass base: 0x0000000000000000, Narrow klass shift: 0, Narrow klass range: 0x0

GC Precious Log:
<Empty>

Heap:
 garbage-first heap   total 0K, used 0K [0x0000000705400000, 0x0000000800000000)
  region size 2048K, 0 young (0K), 0 survivors (0K)

[error occurred during error reporting (printing heap information), id 0xc0000005, EXCEPTION_ACCESS_VIOLATION (0xc0000005) at pc=0x00007ffab134efd9]

GC Heap History (0 events):
No events

Dll operation events (1 events):
Event: 0.004 Loaded shared library C:\Java\jdk\zulu-17\bin\java.dll

Deoptimization events (0 events):
No events

Classes loaded (0 events):
No events

Classes unloaded (0 events):
No events

Classes redefined (0 events):
No events

Internal exceptions (0 events):
No events

VM Operations (0 events):
No events

Memory protections (0 events):
No events

Nmethod flushes (0 events):
No events

Events (0 events):
No events


Dynamic libraries:
0x00007ff678800000 - 0x00007ff67880e000 	C:\Java\jdk\zulu-17\bin\java.exe
0x00007ffae81e0000 - 0x00007ffae83d0000 	C:\Windows\SYSTEM32\ntdll.dll
0x00007ffae6e70000 - 0x00007ffae6f22000 	C:\Windows\System32\KERNEL32.DLL
0x00007ffae5cb0000 - 0x00007ffae5f53000 	C:\Windows\System32\KERNELBASE.dll
0x00007ffae59c0000 - 0x00007ffae5aba000 	C:\Windows\System32\ucrtbase.dll
0x00007ffae16f0000 - 0x00007ffae170e000 	C:\Java\jdk\zulu-17\bin\VCRUNTIME140.dll
0x00007ffae1740000 - 0x00007ffae1759000 	C:\Java\jdk\zulu-17\bin\jli.dll
0x00007ffae6cd0000 - 0x00007ffae6e64000 	C:\Windows\System32\USER32.dll
0x00007ffad35e0000 - 0x00007ffad3865000 	C:\Windows\WinSxS\amd64_microsoft.windows.common-controls_6595b64144ccf1df_6.0.18362.720_none_e6beb5c51314836b\COMCTL32.dll
0x00007ffae6160000 - 0x00007ffae6181000 	C:\Windows\System32\win32u.dll
0x00007ffae7fc0000 - 0x00007ffae805e000 	C:\Windows\System32\msvcrt.dll
0x00007ffae62a0000 - 0x00007ffae62c6000 	C:\Windows\System32\GDI32.dll
0x00007ffae7b70000 - 0x00007ffae7ea6000 	C:\Windows\System32\combase.dll
0x00007ffae6370000 - 0x00007ffae6490000 	C:\Windows\System32\RPCRT4.dll
0x00007ffae5fc0000 - 0x00007ffae6154000 	C:\Windows\System32\gdi32full.dll
0x00007ffae5c30000 - 0x00007ffae5cb0000 	C:\Windows\System32\bcryptPrimitives.dll
0x00007ffae51a0000 - 0x00007ffae523e000 	C:\Windows\System32\msvcp_win.dll
0x00007ffae70f0000 - 0x00007ffae711e000 	C:\Windows\System32\IMM32.DLL
0x00007ffae16e0000 - 0x00007ffae16ec000 	C:\Java\jdk\zulu-17\bin\vcruntime140_1.dll
0x00007ffacd5e0000 - 0x00007ffacd66d000 	C:\Java\jdk\zulu-17\bin\msvcp140.dll
0x00007ffab0c70000 - 0x00007ffab18e4000 	C:\Java\jdk\zulu-17\bin\server\jvm.dll
0x00007ffae80f0000 - 0x00007ffae8193000 	C:\Windows\System32\ADVAPI32.dll
0x00007ffae62d0000 - 0x00007ffae6367000 	C:\Windows\System32\sechost.dll
0x00007ffae50b0000 - 0x00007ffae50fa000 	C:\Windows\System32\POWRPROF.dll
0x00007ffae50a0000 - 0x00007ffae50b0000 	C:\Windows\System32\UMPDC.dll
0x00007ffae7200000 - 0x00007ffae726f000 	C:\Windows\System32\WS2_32.dll
0x00007ffade7c0000 - 0x00007ffade7ca000 	C:\Windows\SYSTEM32\VERSION.dll
0x00007ffae2d00000 - 0x00007ffae2d24000 	C:\Windows\SYSTEM32\WINMM.dll
0x00007ffae2cd0000 - 0x00007ffae2cfd000 	C:\Windows\SYSTEM32\winmmbase.dll
0x00007ffae6240000 - 0x00007ffae628a000 	C:\Windows\System32\cfgmgr32.dll
0x00007ffae5100000 - 0x00007ffae5111000 	C:\Windows\System32\kernel.appcore.dll
0x00007ffae16d0000 - 0x00007ffae16da000 	C:\Java\jdk\zulu-17\bin\jimage.dll
0x00007ffad2860000 - 0x00007ffad2a54000 	C:\Windows\SYSTEM32\DBGHELP.DLL
0x00007ffad11a0000 - 0x00007ffad11ca000 	C:\Windows\SYSTEM32\dbgcore.DLL
0x00007ffae1080000 - 0x00007ffae108e000 	C:\Java\jdk\zulu-17\bin\instrument.dll
0x00007ffacd320000 - 0x00007ffacd345000 	C:\Java\jdk\zulu-17\bin\java.dll

dbghelp: loaded successfully - version: 4.0.5 - missing functions: none
symbol engine: initialized successfully - sym options: 0x614 - pdb path: .;C:\Java\jdk\zulu-17\bin;C:\Windows\SYSTEM32;C:\Windows\WinSxS\amd64_microsoft.windows.common-controls_6595b64144ccf1df_6.0.18362.720_none_e6beb5c51314836b;C:\Java\jdk\zulu-17\bin\server

VM Arguments:
jvm_args: -javaagent:C:\Program Files\JetBrains\IntelliJ IDEA 2025.3.2\lib\idea_rt.jar=50227 -Dfile.encoding=UTF-8 
java_command: ru.otus.hw.Application
java_class_path (initial): C:\OTUS-SPRING\dz\hw09-web-mvc\target\classes;C:\Users\stanislav.perchenko\.m2\repository\org\springframework\boot\spring-boot-starter\3.5.7\spring-boot-starter-3.5.7.jar;C:\Users\stanislav.perchenko\.m2\repository\org\springframework\boot\spring-boot\3.5.7\spring-boot-3.5.7.jar;C:\Users\stanislav.perchenko\.m2\repository\org\springframework\spring-context\6.2.12\spring-context-6.2.12.jar;C:\Users\stanislav.perchenko\.m2\repository\org\springframework\boot\spring-boot-autoconfigure\3.5.7\spring-boot-autoconfigure-3.5.7.jar;C:\Users\stanislav.perchenko\.m2\repository\org\springframework\boot\spring-boot-starter-logging\3.5.7\spring-boot-starter-logging-3.5.7.jar;C:\Users\stanislav.perchenko\.m2\repository\ch\qos\logback\logback-classic\1.5.20\logback-classic-1.5.20.jar;C:\Users\stanislav.perchenko\.m2\repository\ch\qos\logback\logback-core\1.5.20\logback-core-1.5.20.jar;C:\Users\stanislav.perchenko\.m2\repository\org\apache\logging\log4j\log4j-to-slf4j\2.24.3\log4j-to-slf4j-2.24.3.jar;C:\Users\stanislav.perchenko\.m2\repository\org\apache\logging\log4j\log4j-api\2.24.3\log4j-api-2.24.3.jar;C:\Users\stanislav.perchenko\.m2\repository\org\slf4j\jul-to-slf4j\2.0.17\jul-to-slf4j-2.0.17.jar;C:\Users\stanislav.perchenko\.m2\repository\jakarta\annotation\jakarta.annotation-api\2.1.1\jakarta.annotation-api-2.1.1.jar;C:\Users\stanislav.perchenko\.m2\repository\org\springframework\spring-core\6.2.12\spring-core-6.2.12.jar;C:\Users\stanislav.perchenko\.m2\repository\org\springframework\spring-jcl\6.2.12\spring-jcl-6.2.12.jar;C:\Users\stanislav.perchenko\.m2\repository\org\yaml\snakeyaml\2.4\snakeyaml-2.4.jar;C:\Users\stanislav.perchenko\.m2\repository\org\springframework\boot\spring-boot-starter-web\3.5.7\spring-boot-starter-web-3.5.7.jar;C:\Users\stanislav.perchenko\.m2\repository\org\springframework\boot\spring-boot-starter-json\3.5.7\spring-boot-starter-json-3.5.7.jar;C:\Users\stanislav.perchenko\.m2\repository\com\fasterxml\jackson\core\jackson-
Launcher Type: SUN_STANDARD

[Global flags]
     intx CICompilerCount                          = 4                                         {product} {ergonomic}
     uint ConcGCThreads                            = 2                                         {product} {ergonomic}
     uint G1ConcRefinementThreads                  = 8                                         {product} {ergonomic}
   size_t G1HeapRegionSize                         = 2097152                                   {product} {ergonomic}
    uintx GCDrainStackTargetSize                   = 64                                        {product} {ergonomic}
   size_t InitialHeapSize                          = 264241152                                 {product} {ergonomic}
   size_t MarkStackSize                            = 4194304                                   {product} {ergonomic}
   size_t MaxHeapSize                              = 4206886912                                {product} {ergonomic}
   size_t MinHeapDeltaBytes                        = 2097152                                   {product} {ergonomic}
   size_t MinHeapSize                              = 8388608                                   {product} {ergonomic}
    uintx NonNMethodCodeHeapSize                   = 5839372                                {pd product} {ergonomic}
    uintx NonProfiledCodeHeapSize                  = 122909434                              {pd product} {ergonomic}
    uintx ProfiledCodeHeapSize                     = 122909434                              {pd product} {ergonomic}
    uintx ReservedCodeCacheSize                    = 251658240                              {pd product} {ergonomic}
     bool SegmentedCodeCache                       = true                                      {product} {ergonomic}
   size_t SoftMaxHeapSize                          = 4206886912                             {manageable} {ergonomic}
     bool UseCompressedClassPointers               = true                           {product lp64_product} {ergonomic}
     bool UseCompressedOops                        = true                           {product lp64_product} {ergonomic}
     bool UseG1GC                                  = true                                      {product} {ergonomic}
     bool UseLargePagesIndividualAllocation        = false                                  {pd product} {ergonomic}

Logging:
Log output configuration:
 #0: stdout all=warning uptime,level,tags
 #1: stderr all=off uptime,level,tags

Environment Variables:
JAVA_HOME=C:\Java\jdk\zulu-17
PATH=C:\Program Files (x86)\Common Files\Intel\Shared Libraries\redist\intel64_win\compiler;C:\Program Files (x86)\Common Files\Intel\Shared Libraries\redist\intel64\compiler;C:\Program Files (x86)\Microsoft SDKs\Azure\CLI2\wbin;C:\Windows\system32;C:\Windows;C:\Windows\System32\Wbem;C:\Windows\System32\WindowsPowerShell\v1.0\;C:\Windows\System32\OpenSSH\;C:\Program Files\apache-maven-3.6.3-bin\bin;C:\Program Files (x86)\Microsoft SQL Server\150\DTS\Binn\;C:\Program Files (x86)\STMicroelectronics\STM32 ST-LINK Utility\ST-LINK Utility;C:\Program Files\Nordic Semiconductor\nrf-command-line-tools\bin\;C:\Program Files (x86)\GnuWin32\bin;C:\Program Files\MySQL\mysql-8.0.22-winx64\bin;C:\Program Files\Java\jdk8u252-b09\bin;C:\Program Files\MongoDB\mongodb-server-4.4\bin;C:\Program Files\MongoDB\mongodb-server-4.4;C:\Program Files\Microchip\xc8\v2.36\bin;C:\Program Files (x86)\dotnet\;C:\Program Files\dotnet\;C:\Go\bin;C:\Program Files\Microsoft VS Code\bin;C:\Java\jdk\zulu-17\bin;C:\JAVA\maven\apache-maven-3.9.12\bin;C:\JAVA\maven\apache-maven-3.9.12;C:\Program Files\Git\cmd;C:\Program Files\MySQL\MySQL Shell 8.0\bin\;C:\Program Files (x86)\GNU Tools Arm Embedded\7 2018-q2-update\bin;C:\Users\stanislav.perchenko\.cargo\bin;C:\Users\stanislav.perchenko\AppData\Local\Microsoft\WindowsApps;C:\Program Files\Fiddler;C:\FLUTTER\flutter_sdk\bin;C:\FLUTTER\flutter_sdk\bin\cache\dart-sdk\bin;C:\Program Files\glassfish5\bin;C:\Program Files\liquibase;C:\Users\stanislav.perchenko\AppData\Local\JetBrains\Toolbox\scripts;C:\gobin;C:\Java\jdk\zulu-17\bin;C:\Program Files\JetBrains\IntelliJ IDEA 2025.3.2\bin
USERNAME=stanislav.perchenko
OS=Windows_NT
PROCESSOR_IDENTIFIER=Intel64 Family 6 Model 158 Stepping 13, GenuineIntel
TMP=C:\Users\STANIS~1.PER\AppData\Local\Temp
TEMP=C:\Users\STANIS~1.PER\AppData\Local\Temp



Periodic native trim disabled


---------------  S Y S T E M  ---------------

OS:
 Windows 10 , 64 bit Build 18362 (10.0.18362.329)
OS uptime: 0 days 5:48 hours

CPU: total 8 (initial active 8) (8 cores per cpu, 1 threads per core) family 6 model 158 stepping 13 microcode 0xb0, cx8, cmov, fxsr, mmx, 3dnowpref, sse, sse2, sse3, ssse3, sse4.1, sse4.2, popcnt, lzcnt, tsc, tscinvbit, avx, avx2, aes, erms, clmul, bmi1, bmi2, rtm, adx, fma, vzeroupper, clflush, clflushopt
Processor Information for all 8 processors :
  Max Mhz: 3000, Current Mhz: 3000, Mhz Limit: 3000

Memory: 4k page, system-wide physical 16040M (3947M free)
TotalPageFile size 16296M (AvailPageFile size 220M)
current process WorkingSet (physical memory assigned to process): 10M, peak: 10M
current process commit charge ("private bytes"): 60M, peak: 312M

vm_info: OpenJDK 64-Bit Server VM (17.0.18+8-LTS) for windows-amd64 JRE (17.0.18+8-LTS) (Zulu17.64+15-CA), built on Jan  8 2026 16:53:28 by "zulu_re" with MS VC++ 16.10 / 16.11 (VS2019)

END.
